Inference for Stan model: dcf_model
1 chains: each with iter=(1000); warmup=(0); thin=(1); 1000 iterations saved.

Warmup took (0.017) seconds, 0.017 seconds total
Sampling took (0.039) seconds, 0.039 seconds total

                   Mean     MCSE   StdDev        5%    50%    95%    N_Eff  N_Eff/s    R_hat
lp__               -8.1  6.4e-02  1.2e+00  -1.1e+01   -7.7   -6.9  3.3e+02  8.4e+03  1.0e+00
accept_stat__      0.91  3.5e-03  1.2e-01   6.4e-01   0.97    1.0  1.2e+03  3.0e+04  1.0e+00
stepsize__         0.72  1.7e-15  1.2e-15   7.2e-01   0.72   0.72  5.0e-01  1.3e+01  1.0e+00
treedepth__         2.0  2.2e-02  7.0e-01   1.0e+00    2.0    3.0  9.6e+02  2.4e+04  1.0e+00
n_leapfrog__        5.1  1.8e-01  5.6e+00   1.0e+00    3.0     15  9.8e+02  2.5e+04  1.0e+00
divergent__        0.00      nan  0.0e+00   0.0e+00   0.00   0.00      nan      nan      nan
energy__            9.1  9.0e-02  1.5e+00   7.2e+00    8.7     12  2.9e+02  7.4e+03  1.0e+00
terminal_growth   0.055  1.1e-03  2.5e-02   1.5e-02  0.054  0.094  5.2e+02  1.3e+04  1.0e+00
discount_rate      0.11  2.0e-03  5.6e-02   1.9e-02   0.11   0.19  7.9e+02  2.0e+04  1.0e+00
years[1]           2010      nan  6.4e-12   2.0e+03   2010   2010      nan      nan  1.0e+00
years[2]           2011      nan  1.0e-11   2.0e+03   2011   2011      nan      nan  1.0e+00
years[3]           2012      nan  2.3e-13   2.0e+03   2012   2012      nan      nan  1.0e+00
years[4]           2013      nan  9.6e-12   2.0e+03   2013   2013      nan      nan  1.0e+00
cashflows[1]       -100      nan  3.4e-13  -1.0e+02   -100   -100      nan      nan  1.0e+00
cashflows[2]        -50      nan  1.7e-13  -5.0e+01    -50    -50      nan      nan  1.0e+00
cashflows[3]        150      nan  7.1e-13   1.5e+02    150    150      nan      nan      nan
cashflows[4]        500      nan  0.0e+00   5.0e+02    500    500      nan      nan      nan
value              4264  1.0e+04  3.2e+05  -4.6e+04   3716  41149  9.9e+02  2.5e+04  1.0e+00

Samples were drawn using hmc with nuts.
For each parameter, N_Eff is a crude measure of effective sample size,
and R_hat is the potential scale reduction factor on split chains (at 
convergence, R_hat=1).

